\BOOKMARK [1][-]{section.1}{\376\377\230\171\166\356\200\314\146\157\116\016\166\356\150\007}{}% 1
\BOOKMARK [1][-]{section.2}{\376\377\174\373\176\337\227\000\154\102\116\016\140\073\117\123\213\276\213\241}{}% 2
\BOOKMARK [2][-]{subsection.2.1}{\376\377\122\237\200\375\227\000\154\102}{section.2}% 3
\BOOKMARK [2][-]{subsection.2.2}{\376\377\227\136\122\237\200\375\227\000\154\102}{section.2}% 4
\BOOKMARK [2][-]{subsection.2.3}{\376\377\140\073\117\123\147\266\147\204}{section.2}% 5
\BOOKMARK [1][-]{section.3}{\376\377\137\000\123\321\217\307\172\013\116\016\135\345\172\013\133\236\163\260}{}% 6
\BOOKMARK [2][-]{subsection.3.1}{\376\377\137\000\123\321\217\307\172\013}{section.3}% 7
\BOOKMARK [2][-]{subsection.3.2}{\376\377\121\163\225\056\116\343\170\001\145\207\116\366\200\114\215\043}{section.3}% 8
\BOOKMARK [2][-]{subsection.3.3}{\376\377\000U\000I\000\040\116\016\135\345\172\013\123\026\214\003\145\164}{section.3}% 9
\BOOKMARK [1][-]{section.4}{\376\377\145\160\143\156\221\307\226\306\116\016\133\236\145\366\217\223\121\372\213\276\213\241}{}% 10
\BOOKMARK [2][-]{subsection.4.1}{\376\377\117\040\141\037\126\150\221\307\226\306}{section.4}% 11
\BOOKMARK [2][-]{subsection.4.2}{\376\377\145\366\225\364\176\304\176\307\145\271\137\017}{section.4}% 12
\BOOKMARK [2][-]{subsection.4.3}{\376\377\133\236\145\366\217\223\121\372\133\127\153\265}{section.4}% 13
\BOOKMARK [1][-]{section.5}{\376\377\150\070\137\303\123\237\164\006\116\016\173\227\154\325\213\276\213\241}{}% 14
\BOOKMARK [2][-]{subsection.5.1}{\376\377\122\035\131\313\123\026}{section.5}% 15
\BOOKMARK [2][-]{subsection.5.2}{\376\377\131\377\140\001\156\344\154\342\377\032\121\155\217\164\000\040\000A\000H\000R\000S}{section.5}% 16
\BOOKMARK [2][-]{subsection.5.3}{\376\377\131\377\140\001\156\344\154\342\377\032\116\135\217\164\000\040\000A\000H\000R\000S}{section.5}% 17
\BOOKMARK [2][-]{subsection.5.4}{\376\377\117\341\123\367\136\163\156\321\116\016\156\344\154\342\173\126\165\145}{section.5}% 18
\BOOKMARK [2][-]{subsection.5.5}{\376\377\153\145\230\221\143\242\155\113\116\016\154\342\134\360\150\300\155\113}{section.5}% 19
\BOOKMARK [2][-]{subsection.5.6}{\376\377\153\145\225\177\117\060\213\241}{section.5}% 20
\BOOKMARK [2][-]{subsection.5.7}{\376\377\116\055\145\255\150\300\147\345\116\016\117\356\153\143}{section.5}% 21
\BOOKMARK [2][-]{subsection.5.8}{\376\377\117\115\177\156\146\364\145\260}{section.5}% 22
\BOOKMARK [1][-]{section.6}{\376\377\165\114\227\142\213\276\213\241\116\016\116\244\116\222\133\236\163\260}{}% 23
\BOOKMARK [2][-]{subsection.6.1}{\376\377\165\114\227\142\176\323\147\204}{section.6}% 24
\BOOKMARK [2][-]{subsection.6.2}{\376\377\127\060\126\376\146\076\171\072}{section.6}% 25
\BOOKMARK [2][-]{subsection.6.3}{\376\377\000P\000r\000e\000v\000i\000e\000w\000\040\116\016\147\204\136\372\145\057\143\001}{section.6}% 26
\BOOKMARK [1][-]{section.7}{\376\377\133\236\232\214\213\276\213\241\116\016\217\307\172\013\213\260\137\125}{}% 27
\BOOKMARK [2][-]{subsection.7.1}{\376\377\133\236\232\214\166\356\166\204}{section.7}% 28
\BOOKMARK [2][-]{subsection.7.2}{\376\377\133\236\232\214\163\257\130\203\213\260\137\125\377\010\137\205\130\153\121\231\377\011}{section.7}% 29
\BOOKMARK [2][-]{subsection.7.3}{\376\377\133\236\232\214\153\145\232\244\377\010\137\205\130\153\121\231\377\011}{section.7}% 30
\BOOKMARK [2][-]{subsection.7.4}{\376\377\133\236\232\214\176\323\147\234\213\260\137\125\230\165\377\010\137\205\130\153\121\231\377\011}{section.7}% 31
\BOOKMARK [1][-]{section.8}{\376\377\213\304\116\367\145\271\154\325\060\001\117\030\160\271\116\016\134\100\226\120\140\047}{}% 32
\BOOKMARK [2][-]{subsection.8.1}{\376\377\213\304\116\367\145\271\154\325}{section.8}% 33
\BOOKMARK [2][-]{subsection.8.2}{\376\377\174\373\176\337\117\030\160\271}{section.8}% 34
\BOOKMARK [2][-]{subsection.8.3}{\376\377\174\373\176\337\134\100\226\120\140\047}{section.8}% 35
\BOOKMARK [1][-]{section.9}{\376\377\124\016\176\355\145\071\217\333\145\271\124\021}{}% 36
\BOOKMARK [1][-]{section.10}{\376\377\176\323\213\272}{}% 37
